[2026-04-03 17:37:37] [INFO] ==== setup-project.js =====
[2026-04-03 17:37:37] [DEBUG] [PPT Setup] stdin 数据: {"session_id":"2040121509614309376","transcript_path":"/root/.codebuddy/projects/workspace/2040121509614309376.jsonl","cwd":"/workspace","hook_event_name":"PreToolUse","tool_name":"Skill","tool_input":{"args":"CEO管理系统 - 企业战略到部门计划执行考核平台，包含登录页、数据看板、列表管理、表单编辑，支持响应式布局","skill":"web-implement"},"client":"CLI","version":"2.71.1","generation_id":"aaf3eb9062fd436eb3c8ec92e577c55c","model":"glm-5.0","call_id":"019d546bfd403f23158aa5ae51e3ee8b"}
[2026-04-03 17:37:37] [INFO] [PPT Setup] skill: web-implement
[2026-04-03 17:37:37] [INFO] [PPT Setup] 跳过: skill 是 "web-implement"，不是 "ppt-implement"
[2026-04-03 23:11:27] [INFO] ==== setup-project.js =====
[2026-04-03 23:11:27] [DEBUG] [PPT Setup] stdin 数据: {"session_id":"2040121509614309376","transcript_path":"/root/.codebuddy/projects/workspace/2040121509614309376.jsonl","cwd":"/workspace","hook_event_name":"PreToolUse","tool_name":"Skill","tool_input":{"skill":"preview"},"client":"CLI","version":"2.71.1","generation_id":"de6e9ca2598c43728d357275fc9b5365","model":"glm-5.0","call_id":"019d559da06d5aa7752fec2da41e18ff"}
[2026-04-03 23:11:27] [INFO] [PPT Setup] skill: preview
[2026-04-03 23:11:27] [INFO] [PPT Setup] 跳过: skill 是 "preview"，不是 "ppt-implement"
[2026-04-09 04:34:21] [INFO] ==== setup-project.js =====
[2026-04-09 04:34:21] [DEBUG] [PPT Setup] stdin 数据: {"session_id":"2040121509614309376","transcript_path":"/root/.codebuddy/projects/workspace/2040121509614309376.jsonl","cwd":"/workspace","hook_event_name":"PreToolUse","tool_name":"Skill","tool_input":{"skill":"docx","args":"read /root/uploads/运营管理系统_PRD_v1-78072b41d9.0 (1)_1775709248502_kkh59x.docx"},"client":"CLI","version":"2.71.1","generation_id":"e7c88299a6664a49823b6054e51d371e","model":"glm-5.0","call_id":"019d7085090fec57f52b7b60b3549041"}
[2026-04-09 04:34:21] [INFO] [PPT Setup] skill: docx
[2026-04-09 04:34:21] [INFO] [PPT Setup] 跳过: skill 是 "docx"，不是 "ppt-implement"
[2026-04-09 08:27:15] [INFO] ==== setup-project.js =====
[2026-04-09 08:27:15] [DEBUG] [PPT Setup] stdin 数据: {"session_id":"2040121509614309376","transcript_path":"/root/.codebuddy/projects/workspace/2040121509614309376.jsonl","cwd":"/workspace","hook_event_name":"PreToolUse","tool_name":"Skill","tool_input":{"args":"/root/uploads/运营管理系统_PRD_v1-1_任务来源对齐_1775723229015_n8m56o.docx","skill":"docx"},"client":"CLI","version":"2.71.1","generation_id":"af37e822fae140448b426645df86c460","model":"glm-5.0","call_id":"019d715a450185dc60e60080ed730d93"}
[2026-04-09 08:27:15] [INFO] [PPT Setup] skill: docx
[2026-04-09 08:27:15] [INFO] [PPT Setup] 跳过: skill 是 "docx"，不是 "ppt-implement"
[2026-04-09 09:51:44] [INFO] ==== setup-project.js =====
[2026-04-09 09:51:44] [DEBUG] [PPT Setup] stdin 数据: {"session_id":"2040121509614309376","transcript_path":"/root/.codebuddy/projects/workspace/2040121509614309376.jsonl","cwd":"/workspace","hook_event_name":"PreToolUse","tool_name":"Skill","tool_input":{"skill":"preview"},"client":"CLI","version":"2.71.1","generation_id":"2d59d174fa1945cb86e9d11148605cc2","model":"glm-5.0","call_id":"019d71a79f7859156fe1a967d5119bc6"}
[2026-04-09 09:51:44] [INFO] [PPT Setup] skill: preview
[2026-04-09 09:51:44] [INFO] [PPT Setup] 跳过: skill 是 "preview"，不是 "ppt-implement"
[2026-04-09 15:03:18] [INFO] ==== setup-project.js =====
[2026-04-09 15:03:18] [DEBUG] [PPT Setup] stdin 数据: {"session_id":"2040121509614309376","transcript_path":"/root/.codebuddy/projects/workspace/2040121509614309376.jsonl","cwd":"/workspace","hook_event_name":"PreToolUse","tool_name":"Skill","tool_input":{"args":"打开 https://5173-d7fd6c682a4843a48ba3c95be8aaa8f9.e2b.bj6.sandbox.cloudstudio.club 并截图查看页面状态","skill":"Browser Automation"},"client":"CLI","version":"2.71.1","generation_id":"1041c24d95164287acae7afa4bdf3c35","model":"glm-5.0","call_id":"019d72c4d9c67aa0417068918f5a903d"}
[2026-04-09 15:03:18] [INFO] [PPT Setup] skill: Browser Automation
[2026-04-09 15:03:18] [INFO] [PPT Setup] 跳过: skill 是 "Browser Automation"，不是 "ppt-implement"
[2026-04-10 00:13:46] [INFO] ==== setup-project.js =====
[2026-04-10 00:13:46] [DEBUG] [PPT Setup] stdin 数据: {"session_id":"2040121509614309376","transcript_path":"/root/.codebuddy/projects/workspace/2040121509614309376.jsonl","cwd":"/workspace","hook_event_name":"PreToolUse","tool_name":"Skill","tool_input":{"args":"/root/uploads/运营管理系统_PRD_v1-1_任务来源对齐_1775780013574_nuh5lj.docx","skill":"docx"},"client":"CLI","version":"2.71.1","generation_id":"b5a9041eb84746a5b690f19a87c3c9db","model":"glm-5.0","call_id":"019d74bcd4235ea35bb20599ef858ca0"}
[2026-04-10 00:13:46] [INFO] [PPT Setup] skill: docx
[2026-04-10 00:13:46] [INFO] [PPT Setup] 跳过: skill 是 "docx"，不是 "ppt-implement"
[2026-04-11 04:54:43] [INFO] ==== setup-project.js =====
[2026-04-11 04:54:43] [DEBUG] [PPT Setup] stdin 数据: {"session_id":"2040121509614309376","transcript_path":"/root/.codebuddy/projects/workspace/2040121509614309376.jsonl","cwd":"/workspace","hook_event_name":"PreToolUse","tool_name":"Skill","tool_input":{"skill":"preview"},"client":"CLI","version":"2.71.1","generation_id":"be3f0f4660184f22a588e0e4f6d56b48","model":"glm-5.0","call_id":"019d7ae46d06b1ba285765848020db94"}
[2026-04-11 04:54:43] [INFO] [PPT Setup] skill: preview
[2026-04-11 04:54:43] [INFO] [PPT Setup] 跳过: skill 是 "preview"，不是 "ppt-implement"
[2026-04-12 00:38:07] [INFO] ==== setup-project.js =====
[2026-04-12 00:38:07] [DEBUG] [PPT Setup] stdin 数据: {"session_id":"01ebd011-8702-4dbc-ac39-b5e3b33562ab","transcript_path":"/root/.codebuddy/projects/workspace/01ebd011-8702-4dbc-ac39-b5e3b33562ab.jsonl","cwd":"/workspace","hook_event_name":"PreToolUse","tool_name":"Skill","tool_input":{"skill":"plan"},"client":"CLI","version":"2.71.1","generation_id":"36c2745ce823418a8c77d63c51234c87","model":"glm-5.0","call_id":"019d7f1fd8aed49043be3438e007929c"}
[2026-04-12 00:38:07] [INFO] [PPT Setup] skill: plan
[2026-04-12 00:38:07] [INFO] [PPT Setup] 跳过: skill 是 "plan"，不是 "ppt-implement"
[2026-04-12 06:00:42] [INFO] ==== setup-project.js =====
[2026-04-12 06:00:42] [DEBUG] [PPT Setup] stdin 数据: {"session_id":"2040121509614309376","transcript_path":"/root/.codebuddy/projects/workspace/2040121509614309376.jsonl","cwd":"/workspace","hook_event_name":"PreToolUse","tool_name":"Skill","tool_input":{"args":"/root/uploads/2026年度计划_2026-01-22-09-58_1775973623954_qmqay2.docx","skill":"docx"},"client":"CLI","version":"2.71.1","generation_id":"7e1ef12cd77d435a8abaa9aaf807c0aa","model":"glm-5.0","call_id":"019d80472bf9f228b105bc99d9a487d6"}
[2026-04-12 06:00:42] [INFO] [PPT Setup] skill: docx
[2026-04-12 06:00:42] [INFO] [PPT Setup] 跳过: skill 是 "docx"，不是 "ppt-implement"
[2026-04-14 16:53:21] [INFO] ==== setup-project.js =====
[2026-04-14 16:53:21] [DEBUG] [PPT Setup] stdin 数据: {"session_id":"2040121509614309376","transcript_path":"/root/.codebuddy/projects/workspace/2040121509614309376.jsonl","cwd":"/workspace","hook_event_name":"PreToolUse","tool_name":"Skill","tool_input":{"args":"8888","skill":"preview"},"client":"CLI","version":"2.71.1","generation_id":"3c4fdac1f9d0449e98067c4bb18d9919","model":"glm-5.0","call_id":"019d8ce96e40babbb3af65ea0c11ddb1"}
[2026-04-14 16:53:21] [INFO] [PPT Setup] skill: preview
[2026-04-14 16:53:21] [INFO] [PPT Setup] 跳过: skill 是 "preview"，不是 "ppt-implement"
